<?xml version="1.0" encoding="UTF-8"?>
<!-- Generated by org.testng.reporters.JUnitReportReporter -->
<testsuite hostname="DESK" name="com.github.atramos.quant.etrade.cloudapp.DashboardTest" tests="1" failures="0" timestamp="4 Mar 2017 21:53:51 GMT" time="3.372" errors="0">
  <testcase name="testRead" time="3.372" classname="com.github.atramos.quant.etrade.cloudapp.DashboardTest"/>
</testsuite> <!-- com.github.atramos.quant.etrade.cloudapp.DashboardTest -->
